Using v1 tokenizer
Loading dataset config from dataset_config.toml
ignoring the following options because config file is found: train_data_dir, reg_data_dir, in_json / 設定ファイルが利用されるため以下のオプションは無視されます: train_data_dir, reg_data_dir, in_json
prepare images.
get image size from name of cache files
set image size from cache files: 0/3676
found directory lora_dataset/1_basal_cell_carcinoma contains 3493 image files
get image size from name of cache files
set image size from cache files: 0/168
found directory lora_dataset/1_dermatofibroma contains 160 image files
get image size from name of cache files
set image size from cache files: 0/633
found directory lora_dataset/1_melanoma_metastasis contains 602 image files
get image size from name of cache files
set image size from cache files: 0/4003
found directory lora_dataset/1_melanoma_nos contains 3803 image files
get image size from name of cache files
set image size from cache files: 0/5647
found directory lora_dataset/1_nevus contains 5365 image files
get image size from name of cache files
set image size from cache files: 0/314
found directory lora_dataset/1_scar contains 299 image files
get image size from name of cache files
set image size from cache files: 0/1268
found directory lora_dataset/1_seborrheic_keratosis contains 1205 image files
get image size from name of cache files
set image size from cache files: 0/283
found directory lora_dataset/1_solar_lentigo contains 269 image files
get image size from name of cache files
set image size from cache files: 0/1088
found directory lora_dataset/1_solar_or_actinic_keratosis contains 1034 image files
get image size from name of cache files
set image size from cache files: 0/559
found directory lora_dataset/1_squamous_cell_carcinoma_nos contains 532 image files
21591 train images with repeats.
0 reg images with repeats.
no regularization images / 正則化画像が見つかりませんでした
prepare images.
get image size from name of cache files
set image size from cache files: 0/3676
found directory lora_dataset/1_basal_cell_carcinoma contains 184 image files
get image size from name of cache files
set image size from cache files: 0/168
found directory lora_dataset/1_dermatofibroma contains 8 image files
get image size from name of cache files
set image size from cache files: 0/633
found directory lora_dataset/1_melanoma_metastasis contains 32 image files
get image size from name of cache files
set image size from cache files: 0/4003
found directory lora_dataset/1_melanoma_nos contains 200 image files
get image size from name of cache files
set image size from cache files: 0/5647
found directory lora_dataset/1_nevus contains 282 image files
get image size from name of cache files
set image size from cache files: 0/314
found directory lora_dataset/1_scar contains 16 image files
get image size from name of cache files
set image size from cache files: 0/1268
found directory lora_dataset/1_seborrheic_keratosis contains 63 image files
get image size from name of cache files
set image size from cache files: 0/283
found directory lora_dataset/1_solar_lentigo contains 14 image files
get image size from name of cache files
set image size from cache files: 0/1088
found directory lora_dataset/1_solar_or_actinic_keratosis contains 54 image files
get image size from name of cache files
set image size from cache files: 0/559
found directory lora_dataset/1_squamous_cell_carcinoma_nos contains 28 image files
881 validation images with repeats.
0 reg images with repeats.
no regularization images / 正則化画像が見つかりませんでした
[Dataset 0]
  batch_size: 1
  resolution: (512, 512)
  resize_interpolation: None
  enable_bucket: True
  min_bucket_reso: 256
  max_bucket_reso: 1024
  bucket_reso_steps: 64
  bucket_no_upscale: False

  [Subset 0 of Dataset 0]
    image_dir: "lora_dataset/1_basal_cell_carcinoma"
    image_count: 3493
    num_repeats: 1
    shuffle_caption: False
    keep_tokens: 0
    caption_dropout_rate: 0.0
    caption_dropout_every_n_epochs: 0
    caption_tag_dropout_rate: 0.0
    caption_prefix: None
    caption_suffix: None
    color_aug: False
    flip_aug: True
    face_crop_aug_range: None
    random_crop: False
    token_warmup_min: 1,
    token_warmup_step: 0,
    alpha_mask: False
    resize_interpolation: None
    custom_attributes: {}
    is_reg: False
    class_tokens: basal_cell_carcinoma
    caption_extension: .txt

  [Subset 1 of Dataset 0]
    image_dir: "lora_dataset/1_dermatofibroma"
    image_count: 160
    num_repeats: 3
    shuffle_caption: False
    keep_tokens: 0
    caption_dropout_rate: 0.0
    caption_dropout_every_n_epochs: 0
    caption_tag_dropout_rate: 0.0
    caption_prefix: None
    caption_suffix: None
    color_aug: False
    flip_aug: True
    face_crop_aug_range: None
    random_crop: False
    token_warmup_min: 1,
    token_warmup_step: 0,
    alpha_mask: False
    resize_interpolation: None
    custom_attributes: {}
    is_reg: False
    class_tokens: dermatofibroma
    caption_extension: .txt

  [Subset 2 of Dataset 0]
    image_dir: "lora_dataset/1_melanoma_metastasis"
    image_count: 602
    num_repeats: 2
    shuffle_caption: False
    keep_tokens: 0
    caption_dropout_rate: 0.0
    caption_dropout_every_n_epochs: 0
    caption_tag_dropout_rate: 0.0
    caption_prefix: None
    caption_suffix: None
    color_aug: False
    flip_aug: True
    face_crop_aug_range: None
    random_crop: False
    token_warmup_min: 1,
    token_warmup_step: 0,
    alpha_mask: False
    resize_interpolation: None
    custom_attributes: {}
    is_reg: False
    class_tokens: melanoma_metastasis
    caption_extension: .txt

  [Subset 3 of Dataset 0]
    image_dir: "lora_dataset/1_melanoma_nos"
    image_count: 3803
    num_repeats: 1
    shuffle_caption: False
    keep_tokens: 0
    caption_dropout_rate: 0.0
    caption_dropout_every_n_epochs: 0
    caption_tag_dropout_rate: 0.0
    caption_prefix: None
    caption_suffix: None
    color_aug: False
    flip_aug: True
    face_crop_aug_range: None
    random_crop: False
    token_warmup_min: 1,
    token_warmup_step: 0,
    alpha_mask: False
    resize_interpolation: None
    custom_attributes: {}
    is_reg: False
    class_tokens: melanoma_nos
    caption_extension: .txt

  [Subset 4 of Dataset 0]
    image_dir: "lora_dataset/1_nevus"
    image_count: 5365
    num_repeats: 1
    shuffle_caption: False
    keep_tokens: 0
    caption_dropout_rate: 0.0
    caption_dropout_every_n_epochs: 0
    caption_tag_dropout_rate: 0.0
    caption_prefix: None
    caption_suffix: None
    color_aug: False
    flip_aug: True
    face_crop_aug_range: None
    random_crop: False
    token_warmup_min: 1,
    token_warmup_step: 0,
    alpha_mask: False
    resize_interpolation: None
    custom_attributes: {}
    is_reg: False
    class_tokens: nevus
    caption_extension: .txt

  [Subset 5 of Dataset 0]
    image_dir: "lora_dataset/1_scar"
    image_count: 299
    num_repeats: 3
    shuffle_caption: False
    keep_tokens: 0
    caption_dropout_rate: 0.0
    caption_dropout_every_n_epochs: 0
    caption_tag_dropout_rate: 0.0
    caption_prefix: None
    caption_suffix: None
    color_aug: False
    flip_aug: True
    face_crop_aug_range: None
    random_crop: False
    token_warmup_min: 1,
    token_warmup_step: 0,
    alpha_mask: False
    resize_interpolation: None
    custom_attributes: {}
    is_reg: False
    class_tokens: scar
    caption_extension: .txt

  [Subset 6 of Dataset 0]
    image_dir: "lora_dataset/1_seborrheic_keratosis"
    image_count: 1205
    num_repeats: 2
    shuffle_caption: False
    keep_tokens: 0
    caption_dropout_rate: 0.0
    caption_dropout_every_n_epochs: 0
    caption_tag_dropout_rate: 0.0
    caption_prefix: None
    caption_suffix: None
    color_aug: False
    flip_aug: True
    face_crop_aug_range: None
    random_crop: False
    token_warmup_min: 1,
    token_warmup_step: 0,
    alpha_mask: False
    resize_interpolation: None
    custom_attributes: {}
    is_reg: False
    class_tokens: seborrheic_keratosis
    caption_extension: .txt

  [Subset 7 of Dataset 0]
    image_dir: "lora_dataset/1_solar_lentigo"
    image_count: 269
    num_repeats: 3
    shuffle_caption: False
    keep_tokens: 0
    caption_dropout_rate: 0.0
    caption_dropout_every_n_epochs: 0
    caption_tag_dropout_rate: 0.0
    caption_prefix: None
    caption_suffix: None
    color_aug: False
    flip_aug: True
    face_crop_aug_range: None
    random_crop: False
    token_warmup_min: 1,
    token_warmup_step: 0,
    alpha_mask: False
    resize_interpolation: None
    custom_attributes: {}
    is_reg: False
    class_tokens: solar_lentigo
    caption_extension: .txt

  [Subset 8 of Dataset 0]
    image_dir: "lora_dataset/1_solar_or_actinic_keratosis"
    image_count: 1034
    num_repeats: 2
    shuffle_caption: False
    keep_tokens: 0
    caption_dropout_rate: 0.0
    caption_dropout_every_n_epochs: 0
    caption_tag_dropout_rate: 0.0
    caption_prefix: None
    caption_suffix: None
    color_aug: False
    flip_aug: True
    face_crop_aug_range: None
    random_crop: False
    token_warmup_min: 1,
    token_warmup_step: 0,
    alpha_mask: False
    resize_interpolation: None
    custom_attributes: {}
    is_reg: False
    class_tokens: solar_or_actinic_keratosis
    caption_extension: .txt

  [Subset 9 of Dataset 0]
    image_dir: "lora_dataset/1_squamous_cell_carcinoma_nos"
    image_count: 532
    num_repeats: 2
    shuffle_caption: False
    keep_tokens: 0
    caption_dropout_rate: 0.0
    caption_dropout_every_n_epochs: 0
    caption_tag_dropout_rate: 0.0
    caption_prefix: None
    caption_suffix: None
    color_aug: False
    flip_aug: True
    face_crop_aug_range: None
    random_crop: False
    token_warmup_min: 1,
    token_warmup_step: 0,
    alpha_mask: False
    resize_interpolation: None
    custom_attributes: {}
    is_reg: False
    class_tokens: squamous_cell_carcinoma_nos
    caption_extension: .txt


[Validation Dataset 0]
  batch_size: 1
  resolution: (512, 512)
  resize_interpolation: None
  enable_bucket: True
  min_bucket_reso: 256
  max_bucket_reso: 1024
  bucket_reso_steps: 64
  bucket_no_upscale: False

  [Subset 0 of Validation Dataset 0]
    image_dir: "lora_dataset/1_basal_cell_carcinoma"
    image_count: 184
    num_repeats: 1
    shuffle_caption: False
    keep_tokens: 0
    caption_dropout_rate: 0.0
    caption_dropout_every_n_epochs: 0
    caption_tag_dropout_rate: 0.0
    caption_prefix: None
    caption_suffix: None
    color_aug: False
    flip_aug: True
    face_crop_aug_range: None
    random_crop: False
    token_warmup_min: 1,
    token_warmup_step: 0,
    alpha_mask: False
    resize_interpolation: None
    custom_attributes: {}
    is_reg: False
    class_tokens: basal_cell_carcinoma
    caption_extension: .txt

  [Subset 1 of Validation Dataset 0]
    image_dir: "lora_dataset/1_dermatofibroma"
    image_count: 8
    num_repeats: 3
    shuffle_caption: False
    keep_tokens: 0
    caption_dropout_rate: 0.0
    caption_dropout_every_n_epochs: 0
    caption_tag_dropout_rate: 0.0
    caption_prefix: None
    caption_suffix: None
    color_aug: False
    flip_aug: True
    face_crop_aug_range: None
    random_crop: False
    token_warmup_min: 1,
    token_warmup_step: 0,
    alpha_mask: False
    resize_interpolation: None
    custom_attributes: {}
    is_reg: False
    class_tokens: dermatofibroma
    caption_extension: .txt

  [Subset 2 of Validation Dataset 0]
    image_dir: "lora_dataset/1_melanoma_metastasis"
    image_count: 32
    num_repeats: 2
    shuffle_caption: False
    keep_tokens: 0
    caption_dropout_rate: 0.0
    caption_dropout_every_n_epochs: 0
    caption_tag_dropout_rate: 0.0
    caption_prefix: None
    caption_suffix: None
    color_aug: False
    flip_aug: True
    face_crop_aug_range: None
    random_crop: False
    token_warmup_min: 1,
    token_warmup_step: 0,
    alpha_mask: False
    resize_interpolation: None
    custom_attributes: {}
    is_reg: False
    class_tokens: melanoma_metastasis
    caption_extension: .txt

  [Subset 3 of Validation Dataset 0]
    image_dir: "lora_dataset/1_melanoma_nos"
    image_count: 200
    num_repeats: 1
    shuffle_caption: False
    keep_tokens: 0
    caption_dropout_rate: 0.0
    caption_dropout_every_n_epochs: 0
    caption_tag_dropout_rate: 0.0
    caption_prefix: None
    caption_suffix: None
    color_aug: False
    flip_aug: True
    face_crop_aug_range: None
    random_crop: False
    token_warmup_min: 1,
    token_warmup_step: 0,
    alpha_mask: False
    resize_interpolation: None
    custom_attributes: {}
    is_reg: False
    class_tokens: melanoma_nos
    caption_extension: .txt

  [Subset 4 of Validation Dataset 0]
    image_dir: "lora_dataset/1_nevus"
    image_count: 282
    num_repeats: 1
    shuffle_caption: False
    keep_tokens: 0
    caption_dropout_rate: 0.0
    caption_dropout_every_n_epochs: 0
    caption_tag_dropout_rate: 0.0
    caption_prefix: None
    caption_suffix: None
    color_aug: False
    flip_aug: True
    face_crop_aug_range: None
    random_crop: False
    token_warmup_min: 1,
    token_warmup_step: 0,
    alpha_mask: False
    resize_interpolation: None
    custom_attributes: {}
    is_reg: False
    class_tokens: nevus
    caption_extension: .txt

  [Subset 5 of Validation Dataset 0]
    image_dir: "lora_dataset/1_scar"
    image_count: 16
    num_repeats: 3
    shuffle_caption: False
    keep_tokens: 0
    caption_dropout_rate: 0.0
    caption_dropout_every_n_epochs: 0
    caption_tag_dropout_rate: 0.0
    caption_prefix: None
    caption_suffix: None
    color_aug: False
    flip_aug: True
    face_crop_aug_range: None
    random_crop: False
    token_warmup_min: 1,
    token_warmup_step: 0,
    alpha_mask: False
    resize_interpolation: None
    custom_attributes: {}
    is_reg: False
    class_tokens: scar
    caption_extension: .txt

  [Subset 6 of Validation Dataset 0]
    image_dir: "lora_dataset/1_seborrheic_keratosis"
    image_count: 63
    num_repeats: 2
    shuffle_caption: False
    keep_tokens: 0
    caption_dropout_rate: 0.0
    caption_dropout_every_n_epochs: 0
    caption_tag_dropout_rate: 0.0
    caption_prefix: None
    caption_suffix: None
    color_aug: False
    flip_aug: True
    face_crop_aug_range: None
    random_crop: False
    token_warmup_min: 1,
    token_warmup_step: 0,
    alpha_mask: False
    resize_interpolation: None
    custom_attributes: {}
    is_reg: False
    class_tokens: seborrheic_keratosis
    caption_extension: .txt

  [Subset 7 of Validation Dataset 0]
    image_dir: "lora_dataset/1_solar_lentigo"
    image_count: 14
    num_repeats: 3
    shuffle_caption: False
    keep_tokens: 0
    caption_dropout_rate: 0.0
    caption_dropout_every_n_epochs: 0
    caption_tag_dropout_rate: 0.0
    caption_prefix: None
    caption_suffix: None
    color_aug: False
    flip_aug: True
    face_crop_aug_range: None
    random_crop: False
    token_warmup_min: 1,
    token_warmup_step: 0,
    alpha_mask: False
    resize_interpolation: None
    custom_attributes: {}
    is_reg: False
    class_tokens: solar_lentigo
    caption_extension: .txt

  [Subset 8 of Validation Dataset 0]
    image_dir: "lora_dataset/1_solar_or_actinic_keratosis"
    image_count: 54
    num_repeats: 2
    shuffle_caption: False
    keep_tokens: 0
    caption_dropout_rate: 0.0
    caption_dropout_every_n_epochs: 0
    caption_tag_dropout_rate: 0.0
    caption_prefix: None
    caption_suffix: None
    color_aug: False
    flip_aug: True
    face_crop_aug_range: None
    random_crop: False
    token_warmup_min: 1,
    token_warmup_step: 0,
    alpha_mask: False
    resize_interpolation: None
    custom_attributes: {}
    is_reg: False
    class_tokens: solar_or_actinic_keratosis
    caption_extension: .txt

  [Subset 9 of Validation Dataset 0]
    image_dir: "lora_dataset/1_squamous_cell_carcinoma_nos"
    image_count: 28
    num_repeats: 2
    shuffle_caption: False
    keep_tokens: 0
    caption_dropout_rate: 0.0
    caption_dropout_every_n_epochs: 0
    caption_tag_dropout_rate: 0.0
    caption_prefix: None
    caption_suffix: None
    color_aug: False
    flip_aug: True
    face_crop_aug_range: None
    random_crop: False
    token_warmup_min: 1,
    token_warmup_step: 0,
    alpha_mask: False
    resize_interpolation: None
    custom_attributes: {}
    is_reg: False
    class_tokens: squamous_cell_carcinoma_nos
    caption_extension: .txt


[Prepare dataset 0]
loading image sizes.
make buckets
number of images (including repeats) / 各bucketの画像枚数（繰り返し回数を含む）
bucket 0: resolution (512, 512), count: 21591
mean ar error (without repeats): 0.0
[Prepare validation dataset 0]
loading image sizes.
make buckets
number of images (including repeats) / 各bucketの画像枚数（繰り返し回数を含む）
bucket 0: resolution (512, 512), count: 881
mean ar error (without repeats): 0.0
preparing accelerator
loading model for process 0/1
load Diffusers pretrained models: runwayml/stable-diffusion-v1-5
UNet2DConditionModel: 64, 8, 768, False, False
U-Net converted to original U-Net
create LoRA network. base dim (rank): 16, alpha: 16.0
neuron dropout: p=None, rank dropout: p=None, module dropout: p=None
create LoRA for Text Encoder:
create LoRA for Text Encoder: 72 modules.
create LoRA for U-Net: 192 modules.
enable LoRA for text encoder: 72 modules
enable LoRA for U-Net: 192 modules
CrossAttnDownBlock2D False -> True
CrossAttnDownBlock2D False -> True
CrossAttnDownBlock2D False -> True
DownBlock2D False -> True
UNetMidBlock2DCrossAttn False -> True
UpBlock2D False -> True
CrossAttnUpBlock2D False -> True
CrossAttnUpBlock2D False -> True
CrossAttnUpBlock2D False -> True
NO LR skipping!
use AdamW optimizer | {}
unet dtype: torch.float16, device: cuda:0
text_encoder [0] dtype: torch.float16, device: cuda:0
epoch is incremented. current_epoch: 0, epoch: 1
epoch is incremented. current_epoch: 0, epoch: 1
epoch is incremented. current_epoch: 0, epoch: 1
epoch is incremented. current_epoch: 0, epoch: 1
epoch is incremented. current_epoch: 0, epoch: 1
epoch is incremented. current_epoch: 0, epoch: 1
epoch is incremented. current_epoch: 0, epoch: 1
epoch is incremented. current_epoch: 0, epoch: 1
epoch is incremented. current_epoch: 0, epoch: 1
epoch is incremented. current_epoch: 0, epoch: 1
epoch is incremented. current_epoch: 0, epoch: 1
epoch is incremented. current_epoch: 0, epoch: 1
epoch is incremented. current_epoch: 0, epoch: 1
epoch is incremented. current_epoch: 0, epoch: 1
epoch is incremented. current_epoch: 0, epoch: 1
epoch is incremented. current_epoch: 0, epoch: 1
epoch is incremented. current_epoch: 0, epoch: 2
epoch is incremented. current_epoch: 0, epoch: 2
epoch is incremented. current_epoch: 0, epoch: 2
epoch is incremented. current_epoch: 0, epoch: 2
epoch is incremented. current_epoch: 0, epoch: 2
epoch is incremented. current_epoch: 0, epoch: 2
epoch is incremented. current_epoch: 0, epoch: 2
epoch is incremented. current_epoch: 0, epoch: 2
epoch is incremented. current_epoch: 0, epoch: 2
epoch is incremented. current_epoch: 0, epoch: 2
epoch is incremented. current_epoch: 0, epoch: 2
epoch is incremented. current_epoch: 0, epoch: 2
epoch is incremented. current_epoch: 0, epoch: 2
epoch is incremented. current_epoch: 0, epoch: 2
epoch is incremented. current_epoch: 0, epoch: 2
epoch is incremented. current_epoch: 0, epoch: 2
epoch is incremented. current_epoch: 0, epoch: 3
epoch is incremented. current_epoch: 0, epoch: 3
epoch is incremented. current_epoch: 0, epoch: 3
epoch is incremented. current_epoch: 0, epoch: 3
epoch is incremented. current_epoch: 0, epoch: 3
epoch is incremented. current_epoch: 0, epoch: 3
epoch is incremented. current_epoch: 0, epoch: 3
epoch is incremented. current_epoch: 0, epoch: 3
